
==================== 开始新训练 2025-12-23 22:40:57 ====================
参数: Namespace(data_path='../data', model_type='resnet', loss_type='focal', epochs=20, batch_size=64, lr=0.001, weight_decay=0.0001, save_path='best_model.pth', limit=None)

==================== 开始新训练 2025-12-23 22:43:28 ====================
参数: Namespace(data_path='data', model_type='resnet', loss_type='focal', epochs=10, batch_size=64, lr=0.001, weight_decay=0.0001, save_path='best_model.pth', limit=None)

==================== 开始新训练 2025-12-23 22:45:49 ====================
参数: Namespace(data_path='data', model_type='resnet', loss_type='focal', epochs=10, batch_size=64, lr=0.001, weight_decay=0.0001, save_path='best_model.pth', limit=None)
Epoch 1, Step 0, Loss: 0.7417
Epoch 1, Step 100, Loss: 0.3523
Epoch 1, Step 200, Loss: 0.3332
Epoch 1, Step 300, Loss: 0.3100
Epoch 1, Step 400, Loss: 0.2600
Epoch 1, Step 500, Loss: 0.3405
Epoch 1, Step 600, Loss: 0.2917
Epoch 1 平均损失: 0.2899
评估结果: Accuracy: 0.5280, F1: 0.2362, Precision: 0.1362, Recall: 0.8902
保存最佳模型 (F1: 0.2362)
Epoch 2, Step 0, Loss: 0.2596
Epoch 2, Step 100, Loss: 0.1262
Epoch 2, Step 200, Loss: 0.3328
Epoch 2, Step 300, Loss: 0.2714
Epoch 2, Step 400, Loss: 0.1827
Epoch 2, Step 500, Loss: 0.2332
Epoch 2, Step 600, Loss: 0.2728
Epoch 2 平均损失: 0.2625
评估结果: Accuracy: 0.8280, F1: 0.3768, Precision: 0.2680, Recall: 0.6341
保存最佳模型 (F1: 0.3768)
Epoch 3, Step 0, Loss: 0.2675

==================== 开始新训练 2025-12-30 11:08:45 ====================
参数: Namespace(data_path='data', model_type='resnet', loss_type='focal', epochs=10, batch_size=64, lr=0.001, weight_decay=0.0001, save_path='best_model.pth', resume='Task1/checkpoint_epoch_2.pth', start_epoch=2, limit=None)
Epoch 1, Step 0, Loss: 0.7417

==================== 开始新训练 2025-12-30 11:09:44 ====================
参数: Namespace(data_path='data', model_type='resnet', loss_type='focal', epochs=10, batch_size=64, lr=0.001, weight_decay=0.0001, save_path='best_model.pth', resume='checkpoint_epoch_2.pth', start_epoch=2, limit=None)
Epoch 3, Step 0, Loss: 0.2251
Epoch 3, Step 100, Loss: 0.3706
Epoch 3, Step 200, Loss: 0.2835
Epoch 3, Step 300, Loss: 0.3047
Epoch 3, Step 400, Loss: 0.2425
Epoch 3, Step 500, Loss: 0.2761
Epoch 3, Step 600, Loss: 0.3004
Epoch 3 平均损失: 0.2530
评估结果: Accuracy: 0.8130, F1: 0.2890, Precision: 0.2099, Recall: 0.4634
保存最佳模型 (F1: 0.2890)
Epoch 4, Step 0, Loss: 0.2070
Epoch 4, Step 100, Loss: 0.1389
Epoch 4, Step 200, Loss: 0.2636
Epoch 4, Step 300, Loss: 0.2190
Epoch 4, Step 400, Loss: 0.1720
Epoch 4, Step 500, Loss: 0.2130
Epoch 4, Step 600, Loss: 0.2828
Epoch 4 平均损失: 0.2486
评估结果: Accuracy: 0.7010, F1: 0.3400, Precision: 0.2075, Recall: 0.9390
保存最佳模型 (F1: 0.3400)
Epoch 5, Step 0, Loss: 0.2658
Epoch 5, Step 100, Loss: 0.2290
Epoch 5, Step 200, Loss: 0.1946
Epoch 5, Step 300, Loss: 0.2492
Epoch 5, Step 400, Loss: 0.2207
Epoch 5, Step 500, Loss: 0.2317
Epoch 5, Step 600, Loss: 0.2065
Epoch 5 平均损失: 0.2447
评估结果: Accuracy: 0.4930, F1: 0.2422, Precision: 0.1380, Recall: 0.9878
Epoch 6, Step 0, Loss: 0.1892
Epoch 6, Step 100, Loss: 0.3488
Epoch 6, Step 200, Loss: 0.2099
Epoch 6, Step 300, Loss: 0.2345

==================== 开始新训练 2025-12-30 12:33:23 ====================
参数: Namespace(data_path='data', model_type='resnet', loss_type='focal', epochs=10, batch_size=64, lr=0.0001, weight_decay=0.0001, save_path='best_model.pth', resume='checkpoint_epoch_4.pth', start_epoch=4, limit=None)
Epoch 5, Step 0, Loss: 0.1576
Epoch 5, Step 100, Loss: 0.2581
Epoch 5, Step 200, Loss: 0.1886
Epoch 5, Step 300, Loss: 0.2120
Epoch 5, Step 400, Loss: 0.1591
Epoch 5, Step 500, Loss: 0.1911
Epoch 5, Step 600, Loss: 0.2153
Epoch 5 平均损失: 0.1682
评估结果: Accuracy: 0.9180, F1: 0.5000, Precision: 0.5000, Recall: 0.5000
保存最佳模型 (F1: 0.5000)
Epoch 6, Step 0, Loss: 0.1316
Epoch 6, Step 100, Loss: 0.1040
Epoch 6, Step 200, Loss: 0.1794
Epoch 6, Step 300, Loss: 0.1420
Epoch 6, Step 400, Loss: 0.1178
Epoch 6, Step 500, Loss: 0.1524
Epoch 6, Step 600, Loss: 0.1687
Epoch 6 平均损失: 0.1661
评估结果: Accuracy: 0.9270, F1: 0.5166, Precision: 0.5652, Recall: 0.4756
保存最佳模型 (F1: 0.5166)
Epoch 7, Step 0, Loss: 0.1818
Epoch 7, Step 100, Loss: 0.1432
Epoch 7, Step 200, Loss: 0.1363
Epoch 7, Step 300, Loss: 0.1662
Epoch 7, Step 400, Loss: 0.1507
Epoch 7, Step 500, Loss: 0.1663
Epoch 7, Step 600, Loss: 0.1659
Epoch 7 平均损失: 0.1647
评估结果: Accuracy: 0.9220, F1: 0.5568, Precision: 0.5213, Recall: 0.5976
保存最佳模型 (F1: 0.5568)
Epoch 8, Step 0, Loss: 0.1043
Epoch 8, Step 100, Loss: 0.2385
Epoch 8, Step 200, Loss: 0.1325
Epoch 8, Step 300, Loss: 0.1592
Epoch 8, Step 400, Loss: 0.2414
Epoch 8, Step 500, Loss: 0.0977
Epoch 8, Step 600, Loss: 0.1311
Epoch 8 平均损失: 0.1637
评估结果: Accuracy: 0.9150, F1: 0.5455, Precision: 0.4857, Recall: 0.6220
Epoch 9, Step 0, Loss: 0.1095
Epoch 9, Step 100, Loss: 0.1469
Epoch 9, Step 200, Loss: 0.2169
Epoch 9, Step 300, Loss: 0.1692
Epoch 9, Step 400, Loss: 0.1156
Epoch 9, Step 500, Loss: 0.1530
Epoch 9, Step 600, Loss: 0.1718
Epoch 9 平均损失: 0.1629
评估结果: Accuracy: 0.9230, F1: 0.5217, Precision: 0.5316, Recall: 0.5122
Epoch 10, Step 0, Loss: 0.1198
Epoch 10, Step 100, Loss: 0.1282
Epoch 10, Step 200, Loss: 0.1481
Epoch 10, Step 300, Loss: 0.1473
Epoch 10, Step 400, Loss: 0.1377
Epoch 10, Step 500, Loss: 0.1934
Epoch 10, Step 600, Loss: 0.1384
Epoch 10 平均损失: 0.1609
评估结果: Accuracy: 0.8820, F1: 0.4040, Precision: 0.3448, Recall: 0.4878

==================== 开始新训练 2025-12-30 15:02:06 ====================
参数: Namespace(data_path='data', model_type='resnet', loss_type='focal', epochs=20, batch_size=256, lr=0.0001, weight_decay=0.0001, save_path='best_model.pth', resume=None, start_epoch=0, limit=None)

==================== 开始新训练 2025-12-30 15:04:25 ====================
参数: Namespace(data_path='data', model_type='resnet', loss_type='focal', epochs=20, batch_size=128, lr=0.0001, weight_decay=0.0001, save_path='best_model.pth', resume=None, start_epoch=0, limit=None)

==================== 开始新训练 2025-12-30 15:05:42 ====================
参数: Namespace(data_path='data', model_type='resnet', loss_type='focal', epochs=20, batch_size=128, lr=0.0001, weight_decay=0.0001, save_path='best_model.pth', resume=None, start_epoch=0, limit=None)
Epoch 1, Step 0, Loss: 1.2606
Epoch 1, Step 100, Loss: 0.2704
Epoch 1, Step 200, Loss: 0.2861
Epoch 1, Step 300, Loss: 0.2587
Epoch 1 平均损失: 0.2874
评估结果: Accuracy: 0.8200, F1: 0.3706, Precision: 0.2598, Recall: 0.6463
保存最佳模型 (F1: 0.3706)
Epoch 2, Step 0, Loss: 0.2753

==================== 开始新训练 2025-12-30 15:46:15 ====================
参数: Namespace(data_path='data', model_type='resnet', loss_type='focal', epochs=20, batch_size=128, lr=0.0001, weight_decay=0.0001, save_path='best_model.pth', resume=None, start_epoch=0, limit=None, img_size=224)
Epoch 1, Step 0, Loss: 1.4458
Epoch 1, Step 100, Loss: 0.2727
Epoch 1, Step 200, Loss: 0.2870
Epoch 1, Step 300, Loss: 0.2718
Epoch 1 平均损失: 0.2927
评估结果: Accuracy: 0.9100, F1: 0.4512, Precision: 0.4512, Recall: 0.4512
保存最佳模型 (F1: 0.4512)
Epoch 2, Step 0, Loss: 0.2566
Epoch 2, Step 100, Loss: 0.2956
Epoch 2, Step 200, Loss: 0.2124
Epoch 2, Step 300, Loss: 0.2601
Epoch 2 平均损失: 0.2528
评估结果: Accuracy: 0.8140, F1: 0.3961, Precision: 0.2699, Recall: 0.7439
Epoch 3, Step 0, Loss: 0.3169
Epoch 3, Step 100, Loss: 0.2108
Epoch 3, Step 200, Loss: 0.2271
Epoch 3, Step 300, Loss: 0.2395
Epoch 3 平均损失: 0.2411
评估结果: Accuracy: 0.3290, F1: 0.1945, Precision: 0.1079, Recall: 0.9878
Epoch 4, Step 0, Loss: 0.2828

==================== 开始新训练 2025-12-30 16:01:25 ====================
参数: Namespace(data_path='data', model_type='resnet', loss_type='focal', epochs=20, batch_size=128, lr=0.0001, weight_decay=0.0001, save_path='best_model.pth', resume=None, start_epoch=0, limit=None, img_size=224)
Epoch 1, Step 0, Loss: 0.6087
Epoch 1, Step 100, Loss: 0.1574
Epoch 1, Step 200, Loss: 0.1775
Epoch 1, Step 300, Loss: 0.1702
Epoch 1 平均损失: 0.1762
评估结果: Accuracy: 0.9290, F1: 0.4320, Precision: 0.6279, Recall: 0.3293
保存最佳模型 (F1: 0.4320)
Epoch 2, Step 0, Loss: 0.1614
Epoch 2, Step 100, Loss: 0.1866
Epoch 2, Step 200, Loss: 0.1354
Epoch 2, Step 300, Loss: 0.1588
Epoch 2 平均损失: 0.1563
评估结果: Accuracy: 0.9140, F1: 0.5057, Precision: 0.4783, Recall: 0.5366
保存最佳模型 (F1: 0.5057)
Epoch 3, Step 0, Loss: 0.1990
Epoch 3, Step 100, Loss: 0.1347
Epoch 3, Step 200, Loss: 0.1390
Epoch 3, Step 300, Loss: 0.1530
Epoch 3 平均损失: 0.1500
评估结果: Accuracy: 0.6300, F1: 0.2829, Precision: 0.1682, Recall: 0.8902
Epoch 4, Step 0, Loss: 0.1724

==================== 开始新训练 2026-01-03 17:17:56 ====================
参数: Namespace(data_path='data', model_type='resnet', loss_type='focal', epochs=20, batch_size=128, lr=0.0001, weight_decay=0.0001, save_path='best_model.pth', resume='best_model.pth', start_epoch=4, limit=None, img_size=224)
Epoch 5, Step 0, Loss: 0.1619
Epoch 5, Step 100, Loss: 0.1439
Epoch 5, Step 200, Loss: 0.1650
Epoch 5, Step 300, Loss: 0.1415
Epoch 5 平均损失: 0.1512
评估结果: Accuracy: 0.9280, F1: 0.4375, Precision: 0.6087, Recall: 0.3415
保存最佳模型 (F1: 0.4375)
Epoch 6, Step 0, Loss: 0.1565
Epoch 6, Step 100, Loss: 0.1479
Epoch 6, Step 200, Loss: 0.1085
Epoch 6, Step 300, Loss: 0.1283
Epoch 6 平均损失: 0.1357
评估结果: Accuracy: 0.9150, F1: 0.5550, Precision: 0.4862, Recall: 0.6463
保存最佳模型 (F1: 0.5550)
Epoch 7, Step 0, Loss: 0.1743
Epoch 7, Step 100, Loss: 0.1035
Epoch 7, Step 200, Loss: 0.1297
Epoch 7, Step 300, Loss: 0.1178
Epoch 7 平均损失: 0.1252
评估结果: Accuracy: 0.8560, F1: 0.4745, Precision: 0.3385, Recall: 0.7927
Epoch 8, Step 0, Loss: 0.1171
Epoch 8, Step 100, Loss: 0.1028
Epoch 8, Step 200, Loss: 0.1221
Epoch 8, Step 300, Loss: 0.0781
Epoch 8 平均损失: 0.1170
评估结果: Accuracy: 0.8790, F1: 0.5141, Precision: 0.3832, Recall: 0.7805
Epoch 9, Step 0, Loss: 0.0986
Epoch 9, Step 100, Loss: 0.0889
Epoch 9, Step 200, Loss: 0.0892
Epoch 9, Step 300, Loss: 0.0927
Epoch 9 平均损失: 0.1104
评估结果: Accuracy: 0.9180, F1: 0.5773, Precision: 0.5000, Recall: 0.6829
保存最佳模型 (F1: 0.5773)
Epoch 10, Step 0, Loss: 0.1007
Epoch 10, Step 100, Loss: 0.1539
Epoch 10, Step 200, Loss: 0.1272
Epoch 10, Step 300, Loss: 0.1513
Epoch 10 平均损失: 0.1073
评估结果: Accuracy: 0.8960, F1: 0.5667, Precision: 0.4304, Recall: 0.8293
Epoch 11, Step 0, Loss: 0.1052
Epoch 11, Step 100, Loss: 0.0743
Epoch 11, Step 200, Loss: 0.0719
Epoch 11, Step 300, Loss: 0.1595
Epoch 11 平均损失: 0.1020
评估结果: Accuracy: 0.9470, F1: 0.7006, Precision: 0.6526, Recall: 0.7561
保存最佳模型 (F1: 0.7006)
Epoch 12, Step 0, Loss: 0.1860
Epoch 12, Step 100, Loss: 0.1143
Epoch 12, Step 200, Loss: 0.1320
Epoch 12, Step 300, Loss: 0.1119
Epoch 12 平均损失: 0.1005
评估结果: Accuracy: 0.9500, F1: 0.6988, Precision: 0.6905, Recall: 0.7073
Epoch 13, Step 0, Loss: 0.1127
Epoch 13, Step 100, Loss: 0.1309
Epoch 13, Step 200, Loss: 0.1110
Epoch 13, Step 300, Loss: 0.0693
Epoch 13 平均损失: 0.0993
评估结果: Accuracy: 0.9420, F1: 0.6778, Precision: 0.6224, Recall: 0.7439
Epoch 14, Step 0, Loss: 0.0936
Epoch 14, Step 100, Loss: 0.0805
Epoch 14, Step 200, Loss: 0.0956
Epoch 14, Step 300, Loss: 0.1230
Epoch 14 平均损失: 0.0980
评估结果: Accuracy: 0.9560, F1: 0.6901, Precision: 0.8167, Recall: 0.5976
Epoch 15, Step 0, Loss: 0.0712
Epoch 15, Step 100, Loss: 0.1158
Epoch 15, Step 200, Loss: 0.1056
Epoch 15, Step 300, Loss: 0.1166
Epoch 15 平均损失: 0.0963
评估结果: Accuracy: 0.9500, F1: 0.6951, Precision: 0.6951, Recall: 0.6951
Epoch 16, Step 0, Loss: 0.1043
Epoch 16, Step 100, Loss: 0.1018

==================== 开始新训练 2026-01-03 18:14:09 ====================
参数: Namespace(data_path='data', model_type='resnet', loss_type='focal', epochs=15, batch_size=32, lr=2e-05, weight_decay=0.0001, save_path='best_model.pth', resume='checkpoint_epoch_11.pth', start_epoch=11, limit=None, img_size=256)
Epoch 12, Step 0, Loss: 0.1113
Epoch 12, Step 100, Loss: 0.1852
Epoch 12, Step 200, Loss: 0.0837
Epoch 12, Step 300, Loss: 0.0839
Epoch 12, Step 400, Loss: 0.1124
Epoch 12, Step 500, Loss: 0.1459
Epoch 12, Step 600, Loss: 0.2188
Epoch 12, Step 700, Loss: 0.1599
Epoch 12, Step 800, Loss: 0.0749
Epoch 12, Step 900, Loss: 0.1118
Epoch 12, Step 1000, Loss: 0.2333
Epoch 12, Step 1100, Loss: 0.2279
Epoch 12, Step 1200, Loss: 0.1250
Epoch 12, Step 1300, Loss: 0.0468
Epoch 12 平均损失: 0.1077
评估结果: Accuracy: 0.9370, F1: 0.5468, Precision: 0.6667, Recall: 0.4634
保存最佳模型 (F1: 0.5468)
Epoch 13, Step 0, Loss: 0.0630
Epoch 13, Step 100, Loss: 0.0762
Epoch 13, Step 200, Loss: 0.1015
Epoch 13, Step 300, Loss: 0.0579
Epoch 13, Step 400, Loss: 0.0707
Epoch 13, Step 500, Loss: 0.0414
Epoch 13, Step 600, Loss: 0.0849
Epoch 13, Step 700, Loss: 0.0947
Epoch 13, Step 800, Loss: 0.1216
Epoch 13, Step 900, Loss: 0.0852
Epoch 13, Step 1000, Loss: 0.0519
Epoch 13, Step 1100, Loss: 0.0885
Epoch 13, Step 1200, Loss: 0.0663
Epoch 13, Step 1300, Loss: 0.0706
Epoch 13 平均损失: 0.1044
评估结果: Accuracy: 0.9090, F1: 0.5687, Precision: 0.4651, Recall: 0.7317
保存最佳模型 (F1: 0.5687)
Epoch 14, Step 0, Loss: 0.2288
Epoch 14, Step 100, Loss: 0.1759
Epoch 14, Step 200, Loss: 0.1777
Epoch 14, Step 300, Loss: 0.0880
Epoch 14, Step 400, Loss: 0.0589
Epoch 14, Step 500, Loss: 0.0931
Epoch 14, Step 600, Loss: 0.0940
Epoch 14, Step 700, Loss: 0.2492
Epoch 14, Step 800, Loss: 0.1294
Epoch 14, Step 900, Loss: 0.1882
Epoch 14, Step 1000, Loss: 0.0696
Epoch 14, Step 1100, Loss: 0.1407
Epoch 14, Step 1200, Loss: 0.0887
Epoch 14, Step 1300, Loss: 0.0524
Epoch 14 平均损失: 0.1023
评估结果: Accuracy: 0.9240, F1: 0.5581, Precision: 0.5333, Recall: 0.5854
Epoch 15, Step 0, Loss: 0.0911

==================== 开始新训练 2026-01-03 19:24:24 ====================
参数: Namespace(data_path='data', model_type='resnet', loss_type='focal', epochs=15, batch_size=64, lr=1e-05, weight_decay=0.0001, save_path='best_model.pth', resume='checkpoint_epoch_13.pth', start_epoch=13, limit=None, img_size=256)
Epoch 14, Step 0, Loss: 0.1510

==================== 开始新训练 2026-01-03 19:25:35 ====================
参数: Namespace(data_path='data', model_type='resnet', loss_type='focal', epochs=15, batch_size=128, lr=1e-05, weight_decay=0.0001, save_path='best_model.pth', resume='checkpoint_epoch_13.pth', start_epoch=13, limit=None, img_size=256)
Epoch 14, Step 0, Loss: 0.1195
Epoch 14, Step 100, Loss: 0.0928
Epoch 14, Step 200, Loss: 0.0890
Epoch 14, Step 300, Loss: 0.0811
Epoch 14 平均损失: 0.0976
评估结果: Accuracy: 0.9450, F1: 0.6784, Precision: 0.6517, Recall: 0.7073
保存最佳模型 (F1: 0.6784)
Epoch 15, Step 0, Loss: 0.1133
Epoch 15, Step 100, Loss: 0.0637
Epoch 15, Step 200, Loss: 0.0732
Epoch 15, Step 300, Loss: 0.1204
Epoch 15 平均损失: 0.0960
评估结果: Accuracy: 0.9390, F1: 0.6667, Precision: 0.6040, Recall: 0.7439

==================== 开始新训练 2026-01-03 20:12:45 ====================
参数: Namespace(data_path='data', model_type='resnet', loss_type='focal', epochs=20, batch_size=32, lr=5e-06, weight_decay=0.0001, save_path='best_model.pth', resume='checkpoint_epoch_15.pth', start_epoch=15, limit=10000, img_size=320)
Epoch 16, Step 0, Loss: 0.0973
Epoch 16, Step 100, Loss: 0.0609
Epoch 16, Step 200, Loss: 0.1039
Epoch 16, Step 300, Loss: 0.0864
Epoch 16 平均损失: 0.1148
评估结果: Accuracy: 0.9390, F1: 0.6391, Precision: 0.6207, Recall: 0.6585
保存最佳模型 (F1: 0.6391)
Epoch 17, Step 0, Loss: 0.1761
Epoch 17, Step 100, Loss: 0.0653
Epoch 17, Step 200, Loss: 0.0957
Epoch 17, Step 300, Loss: 0.1251
Epoch 17 平均损失: 0.1113
评估结果: Accuracy: 0.9340, F1: 0.5875, Precision: 0.6026, Recall: 0.5732
Epoch 18, Step 0, Loss: 0.0862
Epoch 18, Step 100, Loss: 0.1633

==================== 开始新训练 2026-01-03 23:30:20 ====================
参数: Namespace(data_path='data', model_type='resnet', loss_type='focal', epochs=20, batch_size=32, lr=0.0001, weight_decay=0.0001, save_path='best_model.pth', resume=None, start_epoch=0, limit=10000, img_size=320)
Epoch 1, Step 0, Loss: 0.1375
Epoch 1, Step 100, Loss: 0.2601

==================== 开始新训练 2026-01-03 23:36:14 ====================
参数: Namespace(data_path='data', model_type='resnet', loss_type='focal', epochs=20, batch_size=32, lr=1e-05, weight_decay=0.0001, save_path='best_model.pth', resume='checkpoint_epoch_15.pth', start_epoch=15, limit=10000, img_size=320)
Epoch 1, Step 0, Loss: 0.1375

==================== 开始新训练 2026-01-03 23:37:21 ====================
参数: Namespace(data_path='data', model_type='resnet', loss_type='focal', epochs=20, batch_size=32, lr=1e-05, weight_decay=0.0001, save_path='best_model.pth', resume='Task1/checkpoint_sirui/checkpoint_epoch_15.pth', start_epoch=15, limit=10000, img_size=320)
Epoch 16, Step 0, Loss: 0.1469

==================== 开始新训练 2026-01-03 23:38:25 ====================
参数: Namespace(data_path='data', model_type='resnet', loss_type='focal', epochs=20, batch_size=32, lr=1e-05, weight_decay=0.0001, save_path='best_model.pth', resume='Task1/checkpoint_sirui/checkpoint_epoch_15.pth', start_epoch=0, limit=10000, img_size=320)
Epoch 1, Step 0, Loss: 0.1469
Epoch 1, Step 100, Loss: 0.0748
Epoch 1, Step 200, Loss: 0.0879
Epoch 1, Step 300, Loss: 0.0652
Epoch 1 平均损失: 0.1018
评估结果: Accuracy: 0.9330, F1: 0.6257, Precision: 0.6829, Recall: 0.5773
保存最佳模型 (F1: 0.6257)
Epoch 2, Step 0, Loss: 0.0829
Epoch 2, Step 100, Loss: 0.0791
Epoch 2, Step 200, Loss: 0.0846
Epoch 2, Step 300, Loss: 0.0623
Epoch 2 平均损失: 0.0987
评估结果: Accuracy: 0.9250, F1: 0.6269, Precision: 0.6058, Recall: 0.6495
保存最佳模型 (F1: 0.6269)
Epoch 3, Step 0, Loss: 0.1560
Epoch 3, Step 100, Loss: 0.0756
Epoch 3, Step 200, Loss: 0.1331
Epoch 3, Step 300, Loss: 0.0847
Epoch 3 平均损失: 0.0983
评估结果: Accuracy: 0.9260, F1: 0.6146, Precision: 0.6211, Recall: 0.6082
Epoch 4, Step 0, Loss: 0.1579
Epoch 4, Step 100, Loss: 0.0573
Epoch 4, Step 200, Loss: 0.0596
Epoch 4, Step 300, Loss: 0.0687
Epoch 4 平均损失: 0.0974
评估结果: Accuracy: 0.9220, F1: 0.6061, Precision: 0.5941, Recall: 0.6186
Epoch 5, Step 0, Loss: 0.0354
Epoch 5, Step 100, Loss: 0.0453
Epoch 5, Step 200, Loss: 0.0947
Epoch 5, Step 300, Loss: 0.0770
Epoch 5 平均损失: 0.0981
评估结果: Accuracy: 0.9260, F1: 0.6186, Precision: 0.6186, Recall: 0.6186
Epoch 6, Step 0, Loss: 0.0816
Epoch 6, Step 100, Loss: 0.2020
Epoch 6, Step 200, Loss: 0.1552
Epoch 6, Step 300, Loss: 0.1068
Epoch 6 平均损失: 0.0972
评估结果: Accuracy: 0.9300, F1: 0.6316, Precision: 0.6452, Recall: 0.6186
保存最佳模型 (F1: 0.6316)
Epoch 7, Step 0, Loss: 0.0892

==================== 开始新训练 2026-01-04 10:55:55 ====================
参数: Namespace(data_path='data', model_type='resnet', loss_type='focal', epochs=20, batch_size=32, lr=1e-05, weight_decay=0.0001, save_path='best_model.pth', resume='Task1/checkpoint_sirui/checkpoint_epoch_6.pth', start_epoch=6, limit=10000, img_size=320)
Epoch 7, Step 0, Loss: 0.1296

==================== 开始新训练 2026-01-04 10:56:59 ====================
参数: Namespace(data_path='data', model_type='resnet', loss_type='focal', epochs=20, batch_size=32, lr=5e-06, weight_decay=0.0001, save_path='best_model.pth', resume='Task1/checkpoint_sirui/checkpoint_epoch_6.pth', start_epoch=6, limit=10000, img_size=320)
Epoch 7, Step 0, Loss: 0.1296
Epoch 7, Step 100, Loss: 0.0691
Epoch 7, Step 200, Loss: 0.0788
Epoch 7, Step 300, Loss: 0.0574
Epoch 7 平均损失: 0.0944
评估结果: Accuracy: 0.9330, F1: 0.6378, Precision: 0.6705, Recall: 0.6082
保存最佳模型 (F1: 0.6378)
Epoch 8, Step 0, Loss: 0.0782
Epoch 8, Step 100, Loss: 0.0745
Epoch 8, Step 200, Loss: 0.0852
Epoch 8, Step 300, Loss: 0.0584
Epoch 8 平均损失: 0.0944
评估结果: Accuracy: 0.9300, F1: 0.6429, Precision: 0.6364, Recall: 0.6495
保存最佳模型 (F1: 0.6429)
Epoch 9, Step 0, Loss: 0.1534
Epoch 9, Step 100, Loss: 0.0726
Epoch 9, Step 200, Loss: 0.1347
Epoch 9, Step 300, Loss: 0.0849
Epoch 9 平均损失: 0.0943
评估结果: Accuracy: 0.9270, F1: 0.6256, Precision: 0.6224, Recall: 0.6289
Epoch 10, Step 0, Loss: 0.1503
Epoch 10, Step 100, Loss: 0.0574
Epoch 10, Step 200, Loss: 0.0608
Epoch 10, Step 300, Loss: 0.0687
Epoch 10 平均损失: 0.0936
评估结果: Accuracy: 0.9260, F1: 0.6224, Precision: 0.6162, Recall: 0.6289
Epoch 11, Step 0, Loss: 0.0367

==================== 开始新训练 2026-01-04 11:39:54 ====================
参数: Namespace(data_path='data', model_type='resnet', loss_type='focal', epochs=20, batch_size=32, lr=5e-06, weight_decay=0.0001, save_path='best_model.pth', resume='Task1/checkpoint_sirui/checkpoint_epoch_9.pth', start_epoch=9, limit=10000, img_size=320)
Epoch 10, Step 0, Loss: 0.1123
Epoch 10, Step 100, Loss: 0.0971
Epoch 10, Step 200, Loss: 0.0899
Epoch 10, Step 300, Loss: 0.0815
Epoch 10 平均损失: 0.1077
评估结果: Accuracy: 0.9340, F1: 0.6452, Precision: 0.6186, Recall: 0.6742
保存最佳模型 (F1: 0.6452)
Epoch 11, Step 0, Loss: 0.2605
Epoch 11, Step 100, Loss: 0.2407
Epoch 11, Step 200, Loss: 0.1057
Epoch 11, Step 300, Loss: 0.0579
Epoch 11 平均损失: 0.1012
评估结果: Accuracy: 0.9500, F1: 0.6914, Precision: 0.6914, Recall: 0.6914
保存最佳模型 (F1: 0.6914)
Epoch 12, Step 0, Loss: 0.0632
Epoch 12, Step 100, Loss: 0.0473
Epoch 12, Step 200, Loss: 0.0906
Epoch 12, Step 300, Loss: 0.0445
Epoch 12 平均损失: 0.0998
评估结果: Accuracy: 0.9390, F1: 0.6164, Precision: 0.6203, Recall: 0.6125
Epoch 13, Step 0, Loss: 0.1767
Epoch 13, Step 100, Loss: 0.0878
Epoch 13, Step 200, Loss: 0.0647
Epoch 13, Step 300, Loss: 0.0501
Epoch 13 平均损失: 0.0992
评估结果: Accuracy: 0.9380, F1: 0.6737, Precision: 0.6667, Recall: 0.6809
Epoch 14, Step 0, Loss: 0.1032
Epoch 14, Step 100, Loss: 0.0962
Epoch 14, Step 200, Loss: 0.0485
Epoch 14, Step 300, Loss: 0.0571
Epoch 14 平均损失: 0.1001
评估结果: Accuracy: 0.9340, F1: 0.6827, Precision: 0.6514, Recall: 0.7172
Epoch 15, Step 0, Loss: 0.0520
Epoch 15, Step 100, Loss: 0.0460
Epoch 15, Step 200, Loss: 0.0740
Epoch 15, Step 300, Loss: 0.0597
Epoch 15 平均损失: 0.1047
评估结果: Accuracy: 0.9300, F1: 0.6154, Precision: 0.6667, Recall: 0.5714
Epoch 16, Step 0, Loss: 0.0824
Epoch 16, Step 100, Loss: 0.0589
Epoch 16, Step 200, Loss: 0.1090
Epoch 16, Step 300, Loss: 0.0737
Epoch 16 平均损失: 0.0988
评估结果: Accuracy: 0.9340, F1: 0.6452, Precision: 0.6593, Recall: 0.6316
Epoch 17, Step 0, Loss: 0.1373

==================== 开始新训练 2026-01-04 15:25:09 ====================
参数: Namespace(data_path='data', model_type='resnet', loss_type='focal', epochs=20, batch_size=32, lr=2.5e-06, weight_decay=0.0001, save_path='best_model.pth', resume='Task1/checkpoint_sirui/checkpoint_epoch_15.pth', start_epoch=15, limit=10000, img_size=320)
Epoch 16, Step 0, Loss: 0.1332
Epoch 16, Step 100, Loss: 0.1045
Epoch 16, Step 200, Loss: 0.0556
Epoch 16, Step 300, Loss: 0.0731
Epoch 16 平均损失: 0.1026
评估结果: Accuracy: 0.9320, F1: 0.6264, Precision: 0.6000, Recall: 0.6552
保存最佳模型 (F1: 0.6264)
Epoch 17, Step 0, Loss: 0.0650
Epoch 17, Step 100, Loss: 0.1201
Epoch 17, Step 200, Loss: 0.0493
Epoch 17, Step 300, Loss: 0.1394
Epoch 17 平均损失: 0.0984
评估结果: Accuracy: 0.9320, F1: 0.6634, Precision: 0.5826, Recall: 0.7701
保存最佳模型 (F1: 0.6634)
Epoch 18, Step 0, Loss: 0.0495
Epoch 18, Step 100, Loss: 0.0927
Epoch 18, Step 200, Loss: 0.0707
Epoch 18, Step 300, Loss: 0.1903
Epoch 18 平均损失: 0.1017
评估结果: Accuracy: 0.9320, F1: 0.6000, Precision: 0.6296, Recall: 0.5730
Epoch 19, Step 0, Loss: 0.1480
Epoch 19, Step 100, Loss: 0.2133
Epoch 19, Step 200, Loss: 0.0747
Epoch 19, Step 300, Loss: 0.1930
Epoch 19 平均损失: 0.1014
评估结果: Accuracy: 0.9340, F1: 0.6796, Precision: 0.6364, Recall: 0.7292
保存最佳模型 (F1: 0.6796)
Epoch 20, Step 0, Loss: 0.1447
Epoch 20, Step 100, Loss: 0.0591
Epoch 20, Step 200, Loss: 0.0895
Epoch 20, Step 300, Loss: 0.0747
Epoch 20 平均损失: 0.0979
评估结果: Accuracy: 0.9280, F1: 0.6697, Precision: 0.6460, Recall: 0.6952

==================== 开始新训练 2026-01-04 16:17:11 ====================
参数: Namespace(data_path='data', model_type='resnet', loss_type='focal', epochs=20, batch_size=32, lr=7.5e-07, weight_decay=0.0001, save_path='best_model.pth', resume='Task1/checkpoint_sirui/checkpoint_epoch_17_320.pth', start_epoch=0, limit=20000, img_size=320)
Epoch 1, Step 0, Loss: 0.1032
Epoch 1, Step 100, Loss: 0.1083
Epoch 1, Step 200, Loss: 0.0498
Epoch 1, Step 300, Loss: 0.0653
Epoch 1, Step 400, Loss: 0.0901
Epoch 1, Step 500, Loss: 0.1204
Epoch 1, Step 600, Loss: 0.1418
Epoch 1 平均损失: 0.1011
评估结果: Accuracy: 0.9340, F1: 0.6071, Precision: 0.5930, Recall: 0.6220
保存最佳模型 (F1: 0.6071)
Epoch 2, Step 0, Loss: 0.0498
Epoch 2, Step 100, Loss: 0.1332
Epoch 2, Step 200, Loss: 0.1316
Epoch 2, Step 300, Loss: 0.0421
Epoch 2, Step 400, Loss: 0.1685
Epoch 2, Step 500, Loss: 0.0964
Epoch 2, Step 600, Loss: 0.1192
Epoch 2 平均损失: 0.1012
评估结果: Accuracy: 0.9380, F1: 0.6437, Precision: 0.6154, Recall: 0.6747
保存最佳模型 (F1: 0.6437)
Epoch 3, Step 0, Loss: 0.1274

==================== 开始新训练 2026-01-07 21:25:32 ====================
参数: Namespace(data_path='data', model_type='superior_cnn', loss_type='focal', epochs=30, batch_size=128, lr=0.0002, weight_decay=0.0001, save_path='best_model_cnn.pth', resume=None, start_epoch=0, limit=10000, img_size=320)
Epoch 1, Step 0, Loss: 0.6506
Epoch 1 平均损失: 0.1820
评估结果: Accuracy: 0.9220, F1: 0.2500, Precision: 0.5652, Recall: 0.1605
保存最佳模型 (F1: 0.2500)

==================== 开始新训练 2026-01-07 21:27:35 ====================
参数: Namespace(data_path='data', model_type='superior_cnn', loss_type='focal', epochs=30, batch_size=128, lr=0.0002, weight_decay=0.0001, save_path='best_model_cnn.pth', resume=None, start_epoch=0, limit=10000, img_size=320)
Epoch 1, Step 0, Loss: 0.8339
Epoch 1, Step 20, Loss: 0.1612
Epoch 1, Step 40, Loss: 0.1664
Epoch 1, Step 60, Loss: 0.1950
Epoch 1 平均损失: 0.1913
评估结果: Accuracy: 0.9170, F1: 0.3360, Precision: 0.9130, Recall: 0.2059
保存最佳模型 (F1: 0.3360)
Epoch 2, Step 0, Loss: 0.1826
Epoch 2, Step 20, Loss: 0.1718
Epoch 2, Step 40, Loss: 0.1330
Epoch 2, Step 60, Loss: 0.1506
Epoch 2 平均损失: 0.1568
评估结果: Accuracy: 0.9080, F1: 0.4103, Precision: 0.4444, Recall: 0.3810
保存最佳模型 (F1: 0.4103)
Epoch 3, Step 0, Loss: 0.1919
Epoch 3, Step 20, Loss: 0.1650
Epoch 3, Step 40, Loss: 0.1332
Epoch 3, Step 60, Loss: 0.1757
Epoch 3 平均损失: 0.1587
评估结果: Accuracy: 0.8360, F1: 0.4101, Precision: 0.3081, Recall: 0.6129
Epoch 4, Step 0, Loss: 0.1596
Epoch 4, Step 20, Loss: 0.1347
Epoch 4, Step 40, Loss: 0.1385
Epoch 4, Step 60, Loss: 0.1911
Epoch 4 平均损失: 0.1567
评估结果: Accuracy: 0.8380, F1: 0.4255, Precision: 0.3243, Recall: 0.6186
保存最佳模型 (F1: 0.4255)
Epoch 5, Step 0, Loss: 0.1823
Epoch 5, Step 20, Loss: 0.1585
Epoch 5, Step 40, Loss: 0.1655
Epoch 5, Step 60, Loss: 0.1043
Epoch 5 平均损失: 0.1573
评估结果: Accuracy: 0.8710, F1: 0.4901, Precision: 0.4133, Recall: 0.6019
保存最佳模型 (F1: 0.4901)
Epoch 6, Step 0, Loss: 0.1563
Epoch 6, Step 20, Loss: 0.1658
Epoch 6, Step 40, Loss: 0.1900
Epoch 6, Step 60, Loss: 0.1260
Epoch 6 平均损失: 0.1532
评估结果: Accuracy: 0.9070, F1: 0.4746, Precision: 0.4884, Recall: 0.4615
Epoch 7, Step 0, Loss: 0.1476
Epoch 7, Step 20, Loss: 0.1125
Epoch 7, Step 40, Loss: 0.2027
Epoch 7, Step 60, Loss: 0.1501
Epoch 7 平均损失: 0.1534
评估结果: Accuracy: 0.9070, F1: 0.3008, Precision: 0.5714, Recall: 0.2041
Epoch 8, Step 0, Loss: 0.1806
Epoch 8, Step 20, Loss: 0.1625
Epoch 8, Step 40, Loss: 0.1189
Epoch 8, Step 60, Loss: 0.1359
Epoch 8 平均损失: 0.1478
评估结果: Accuracy: 0.9050, F1: 0.4571, Precision: 0.4651, Recall: 0.4494
Epoch 9, Step 0, Loss: 0.1580
Epoch 9, Step 20, Loss: 0.1476
Epoch 9, Step 40, Loss: 0.1928
Epoch 9, Step 60, Loss: 0.2173
Epoch 9 平均损失: 0.1530
评估结果: Accuracy: 0.9230, F1: 0.5444, Precision: 0.5750, Recall: 0.5169
保存最佳模型 (F1: 0.5444)
Epoch 10, Step 0, Loss: 0.1361
Epoch 10, Step 20, Loss: 0.1400
Epoch 10, Step 40, Loss: 0.1208
Epoch 10, Step 60, Loss: 0.1234
Epoch 10 平均损失: 0.1506
评估结果: Accuracy: 0.9020, F1: 0.4556, Precision: 0.4409, Recall: 0.4713
Epoch 11, Step 0, Loss: 0.1023
Epoch 11, Step 20, Loss: 0.1120
Epoch 11, Step 40, Loss: 0.1516
Epoch 11, Step 60, Loss: 0.1148
Epoch 11 平均损失: 0.1456
评估结果: Accuracy: 0.9100, F1: 0.3919, Precision: 0.6170, Recall: 0.2871
Epoch 12, Step 0, Loss: 0.1444
Epoch 12, Step 20, Loss: 0.1056
Epoch 12, Step 40, Loss: 0.1493
Epoch 12, Step 60, Loss: 0.1110
Epoch 12 平均损失: 0.1436
评估结果: Accuracy: 0.9290, F1: 0.3717, Precision: 0.7778, Recall: 0.2442
Epoch 13, Step 0, Loss: 0.1568
Epoch 13, Step 20, Loss: 0.1764
Epoch 13, Step 40, Loss: 0.1567
Epoch 13, Step 60, Loss: 0.1340

==================== 开始新训练 2026-01-07 21:51:42 ====================
参数: Namespace(data_path='data', model_type='superior_cnn', loss_type='focal', epochs=30, batch_size=128, lr=0.0002, weight_decay=0.0001, save_path='best_model.pth', resume=None, start_epoch=0, limit=10000, img_size=320)
Epoch 1, Step 0, Loss: 1.0678
Epoch 1, Step 20, Loss: 0.1802
Epoch 1, Step 40, Loss: 0.2253
Epoch 1, Step 60, Loss: 0.2159
Epoch 1 平均损失: 0.2784
评估结果: Accuracy: 0.8060, F1: 0.3937, Precision: 0.2851, Recall: 0.6364
保存最佳模型 (F1: 0.3937)
Epoch 2, Step 0, Loss: 0.1919
Epoch 2, Step 20, Loss: 0.2458
Epoch 2, Step 40, Loss: 0.1518
Epoch 2, Step 60, Loss: 0.2531
Epoch 2 平均损失: 0.2252
评估结果: Accuracy: 0.5310, F1: 0.2591, Precision: 0.1524, Recall: 0.8632
Epoch 3, Step 0, Loss: 0.1834
Epoch 3, Step 20, Loss: 0.2192
Epoch 3, Step 40, Loss: 0.2251
Epoch 3, Step 60, Loss: 0.2526
Epoch 3 平均损失: 0.2254
评估结果: Accuracy: 0.7130, F1: 0.3084, Precision: 0.1994, Recall: 0.6809
Epoch 4, Step 0, Loss: 0.2418
Epoch 4, Step 20, Loss: 0.2006
Epoch 4, Step 40, Loss: 0.2558
Epoch 4, Step 60, Loss: 0.2947
Epoch 4 平均损失: 0.2217
评估结果: Accuracy: 0.6770, F1: 0.2575, Precision: 0.1618, Recall: 0.6292
Epoch 5, Step 0, Loss: 0.2659
Epoch 5, Step 20, Loss: 0.1721
Epoch 5, Step 40, Loss: 0.2302
Epoch 5, Step 60, Loss: 0.2811
Epoch 5 平均损失: 0.2207
评估结果: Accuracy: 0.6960, F1: 0.3640, Precision: 0.2308, Recall: 0.8614
Epoch 6, Step 0, Loss: 0.2299
Epoch 6, Step 20, Loss: 0.2270
Epoch 6, Step 40, Loss: 0.2218

==================== 开始新训练 2026-01-07 22:02:34 ====================
参数: Namespace(data_path='data', model_type='superior_cnn', loss_type='focal', epochs=30, batch_size=128, lr=0.0001, weight_decay=0.0001, save_path='best_model.pth', resume=None, start_epoch=0, limit=10000, img_size=320)
Epoch 1, Step 0, Loss: 1.1701

==================== 开始新训练 2026-01-07 22:04:50 ====================
参数: Namespace(data_path='data', model_type='superior_cnn', loss_type='focal', epochs=30, batch_size=128, lr=0.0001, weight_decay=0.0001, save_path='best_model_cnn.pth', resume=None, start_epoch=0, limit=10000, img_size=320)

==================== 开始新训练 2026-01-07 22:05:31 ====================
参数: Namespace(data_path='data', model_type='superior_cnn', loss_type='focal', epochs=30, batch_size=64, lr=0.0001, weight_decay=0.0001, save_path='best_model_cnn.pth', resume=None, start_epoch=0, limit=10000, img_size=320)

==================== 开始新训练 2026-01-07 22:06:53 ====================
参数: Namespace(data_path='data', model_type='superior_cnn', loss_type='focal', epochs=30, batch_size=64, lr=0.0001, weight_decay=0.0001, save_path='best_model_cnn.pth', resume=None, start_epoch=0, limit=10000, img_size=320)
Epoch 1, Step 0, Loss: 0.4782
Epoch 1, Step 20, Loss: 0.0945
Epoch 1, Step 40, Loss: 0.1346
Epoch 1, Step 60, Loss: 0.1796
Epoch 1, Step 80, Loss: 0.2533
Epoch 1, Step 100, Loss: 0.2658
Epoch 1, Step 120, Loss: 0.1904
Epoch 1, Step 140, Loss: 0.1578
Epoch 1 平均损失: 0.2500
评估结果: Accuracy: 0.8870, F1: 0.4322, Precision: 0.3805, Recall: 0.5000
保存最佳模型 (F1: 0.4322)
Epoch 2, Step 0, Loss: 0.3179
Epoch 2, Step 20, Loss: 0.2802
Epoch 2, Step 40, Loss: 0.2066
Epoch 2, Step 60, Loss: 0.1475
Epoch 2, Step 80, Loss: 0.2121
Epoch 2, Step 100, Loss: 0.1069
Epoch 2, Step 120, Loss: 0.1299
Epoch 2, Step 140, Loss: 0.2792
Epoch 2 平均损失: 0.1878
评估结果: Accuracy: 0.8560, F1: 0.5414, Precision: 0.4187, Recall: 0.7658
保存最佳模型 (F1: 0.5414)
Epoch 3, Step 0, Loss: 0.1235
Epoch 3, Step 20, Loss: 0.1848
Epoch 3, Step 40, Loss: 0.2328
Epoch 3, Step 60, Loss: 0.3083
Epoch 3, Step 80, Loss: 0.3592
Epoch 3, Step 100, Loss: 0.2455
Epoch 3, Step 120, Loss: 0.1059
Epoch 3, Step 140, Loss: 0.2239
Epoch 3 平均损失: 0.1897
评估结果: Accuracy: 0.8890, F1: 0.4365, Precision: 0.4057, Recall: 0.4725
Epoch 4, Step 0, Loss: 0.1473
Epoch 4, Step 20, Loss: 0.1533
Epoch 4, Step 40, Loss: 0.1537
Epoch 4, Step 60, Loss: 0.2200
Epoch 4, Step 80, Loss: 0.1405
Epoch 4, Step 100, Loss: 0.2167
Epoch 4, Step 120, Loss: 0.0999
Epoch 4, Step 140, Loss: 0.1971
Epoch 4 平均损失: 0.1804
评估结果: Accuracy: 0.9150, F1: 0.5972, Precision: 0.5833, Recall: 0.6117
保存最佳模型 (F1: 0.5972)
Epoch 5, Step 0, Loss: 0.2241
Epoch 5, Step 20, Loss: 0.1708
Epoch 5, Step 40, Loss: 0.2566
Epoch 5, Step 60, Loss: 0.1789
Epoch 5, Step 80, Loss: 0.1758
Epoch 5, Step 100, Loss: 0.1709
Epoch 5, Step 120, Loss: 0.1775
Epoch 5, Step 140, Loss: 0.2805
Epoch 5 平均损失: 0.1754
评估结果: Accuracy: 0.8760, F1: 0.4561, Precision: 0.3688, Recall: 0.5977
Epoch 6, Step 0, Loss: 0.1543

==================== 开始新训练 2026-01-07 22:32:28 ====================
参数: Namespace(data_path='data', model_type='superior_cnn', loss_type='smooth', epochs=30, batch_size=128, lr=0.0001, weight_decay=0.0001, save_path='best_model_cnn.pth', resume=None, start_epoch=0, limit=10000, img_size=320)
Epoch 1, Step 0, Loss: 1.6336
Epoch 1, Step 20, Loss: 0.9274
Epoch 1, Step 40, Loss: 0.7158
Epoch 1, Step 60, Loss: 0.7447
Epoch 1 平均损失: 0.9011
评估结果: Accuracy: 0.8960, F1: 0.5229, Precision: 0.4711, Recall: 0.5876
保存最佳模型 (F1: 0.5229)
Epoch 2, Step 0, Loss: 0.7180
Epoch 2, Step 20, Loss: 0.9340
Epoch 2, Step 40, Loss: 0.8630
Epoch 2, Step 60, Loss: 0.7903
Epoch 2 平均损失: 0.8576
评估结果: Accuracy: 0.9000, F1: 0.4792, Precision: 0.5169, Recall: 0.4466
Epoch 3, Step 0, Loss: 0.7601
Epoch 3, Step 20, Loss: 0.7612
Epoch 3, Step 40, Loss: 1.0435
Epoch 3, Step 60, Loss: 0.9734
Epoch 3 平均损失: 0.8614
评估结果: Accuracy: 0.8960, F1: 0.4800, Precision: 0.4034, Recall: 0.5926
Epoch 4, Step 0, Loss: 0.8593
Epoch 4, Step 20, Loss: 0.8806
Epoch 4, Step 40, Loss: 0.9338
Epoch 4, Step 60, Loss: 0.8138
Epoch 4 平均损失: 0.8826
评估结果: Accuracy: 0.9090, F1: 0.5236, Precision: 0.4902, Recall: 0.5618
保存最佳模型 (F1: 0.5236)
Epoch 5, Step 0, Loss: 0.9180
Epoch 5, Step 20, Loss: 0.8276
Epoch 5, Step 40, Loss: 0.7160
Epoch 5, Step 60, Loss: 0.8959
Epoch 5 平均损失: 0.8411
评估结果: Accuracy: 0.8890, F1: 0.4689, Precision: 0.4579, Recall: 0.4804
Epoch 6, Step 0, Loss: 0.7976
Epoch 6, Step 20, Loss: 0.8336
Epoch 6, Step 40, Loss: 0.8297
Epoch 6, Step 60, Loss: 0.8386
Epoch 6 平均损失: 0.8412
评估结果: Accuracy: 0.9080, F1: 0.4390, Precision: 0.4186, Recall: 0.4615
Epoch 7, Step 0, Loss: 0.9888
Epoch 7, Step 20, Loss: 0.7266
Epoch 7, Step 40, Loss: 0.8405
Epoch 7, Step 60, Loss: 0.7901
Epoch 7 平均损失: 0.8357
评估结果: Accuracy: 0.9080, F1: 0.5000, Precision: 0.4894, Recall: 0.5111
Epoch 8, Step 0, Loss: 0.8613
Epoch 8, Step 20, Loss: 0.7635
Epoch 8, Step 40, Loss: 0.7105
Epoch 8, Step 60, Loss: 0.8367
Epoch 8 平均损失: 0.8284
评估结果: Accuracy: 0.8880, F1: 0.4105, Precision: 0.3514, Recall: 0.4937
Epoch 9, Step 0, Loss: 1.0165
